<?xml version="1.0" encoding="UTF-8"?>
<!-- Generated by org.testng.reporters.JUnitXMLReporter -->
<testsuite ignored="0" hostname="DESKTOP-GTM5910" failures="0" tests="8" name="Provider" time="0.042" errors="0" timestamp="2024-02-20T13:55:44 IST">
  <testcase classname="practice.CW14_DataProvider" name="methodA" time="0.003"/>
  <testcase classname="practice.CW14_DataProvider" name="methodA" time="0.002"/>
  <testcase classname="practice.CW14_DataProvider" name="methodB" time="0.005"/>
  <testcase classname="practice.CW14_DataProvider" name="methodB" time="0.001"/>
  <testcase classname="practice.CW14_DataProvider" name="methodB" time="0.001"/>
  <testcase classname="practice.CW14_DataProvider" name="methodc" time="0.001"/>
  <testcase classname="practice.CW14_DataProvider" name="methodc" time="0.002"/>
  <testcase classname="practice.CW14_DataProvider" name="methodc" time="0.001"/>
</testsuite> <!-- Provider -->
