<?xml version="1.0" encoding="UTF-8"?>
<testng-results ignored="0" total="1" passed="1" failed="0" skipped="0">
  <reporter-output>
  </reporter-output>
  <suite started-at="2024-02-20T20:06:27 IST" name="Default suite" finished-at="2024-02-20T20:06:34 IST" duration-ms="6696">
    <groups>
    </groups>
    <test started-at="2024-02-20T20:06:27 IST" name="Default test" finished-at="2024-02-20T20:06:34 IST" duration-ms="6696">
      <class name="practice.CW3_AlertPopup">
        <test-method is-config="true" signature="configreport()[pri:0, instance:practice.CW3_AlertPopup@6a6cb05c]" started-at="2024-02-20T20:06:27 IST" name="configreport" finished-at="2024-02-20T20:06:28 IST" duration-ms="404" status="PASS">
          <reporter-output>
          </reporter-output>
        </test-method> <!-- configreport -->
        <test-method is-config="true" signature="open()[pri:0, instance:practice.CW3_AlertPopup@6a6cb05c]" started-at="2024-02-20T20:06:28 IST" name="open" finished-at="2024-02-20T20:06:33 IST" duration-ms="5291" status="PASS">
          <reporter-output>
          </reporter-output>
        </test-method> <!-- open -->
        <test-method signature="handleAlert()[pri:0, instance:practice.CW3_AlertPopup@6a6cb05c]" started-at="2024-02-20T20:06:33 IST" name="handleAlert" finished-at="2024-02-20T20:06:33 IST" duration-ms="214" status="PASS">
          <reporter-output>
          </reporter-output>
        </test-method> <!-- handleAlert -->
        <test-method is-config="true" signature="closeBrowser(org.testng.ITestResult)[pri:0, instance:practice.CW3_AlertPopup@6a6cb05c]" started-at="2024-02-20T20:06:33 IST" name="closeBrowser" finished-at="2024-02-20T20:06:34 IST" duration-ms="162" status="PASS">
          <params>
            <param index="0">
              <value>
                <![CDATA[[TestResult name=handleAlert status=SUCCESS method=CW3_AlertPopup.handleAlert()[pri:0, instance:practice.CW3_AlertPopup@6a6cb05c] output={null}]]]>
              </value>
            </param>
          </params>
          <reporter-output>
          </reporter-output>
        </test-method> <!-- closeBrowser -->
        <test-method is-config="true" signature="flush()[pri:0, instance:practice.CW3_AlertPopup@6a6cb05c]" started-at="2024-02-20T20:06:34 IST" name="flush" finished-at="2024-02-20T20:06:34 IST" duration-ms="557" status="PASS">
          <reporter-output>
          </reporter-output>
        </test-method> <!-- flush -->
      </class> <!-- practice.CW3_AlertPopup -->
    </test> <!-- Default test -->
  </suite> <!-- Default suite -->
</testng-results>
